2024-02-27 11:56:08,791 - INFO - ---------------Starting fetching data to send by email Montly-----------------
2024-02-27 11:56:08,792 - INFO - ---------------PREPARATION FACTURE-----------------
2024-02-27 11:56:08,792 - INFO - ---------------num_days_in_month-----------------
2024-02-27 11:56:08,792 - INFO - 29
2024-02-27 11:56:08,792 - INFO - -------Today is not the last day-----------------
2024-02-27 23:58:17,459 - INFO - ---------------Starting fetching data to send by email Montly-----------------
2024-02-27 23:58:17,465 - INFO - ---------------PREPARATION FACTURE-----------------
2024-02-27 23:58:17,466 - INFO - ---------------num_days_in_month-----------------
2024-02-27 23:58:17,466 - INFO - 29
2024-02-27 23:58:17,466 - INFO - -------Today is not the last day-----------------
2024-02-28 23:58:17,955 - INFO - ---------------Starting fetching data to send by email Montly-----------------
2024-02-28 23:58:17,956 - INFO - ---------------PREPARATION FACTURE-----------------
2024-02-28 23:58:17,956 - INFO - ---------------num_days_in_month-----------------
2024-02-28 23:58:17,956 - INFO - 29
2024-02-28 23:58:17,956 - INFO - -------Today is not the last day-----------------
2024-02-29 23:58:18,289 - INFO - ---------------Starting fetching data to send by email Montly-----------------
2024-02-29 23:58:18,291 - INFO - ---------------PREPARATION FACTURE-----------------
2024-02-29 23:58:18,291 - INFO - ---------------num_days_in_month-----------------
2024-02-29 23:58:18,291 - INFO - 29
2024-03-01 23:58:17,592 - INFO - ---------------Starting fetching data to send by email Montly-----------------
2024-03-01 23:58:17,593 - INFO - ---------------PREPARATION FACTURE-----------------
2024-03-01 23:58:17,593 - INFO - ---------------num_days_in_month-----------------
2024-03-01 23:58:17,593 - INFO - 31
2024-03-01 23:58:17,593 - INFO - -------Today is not the last day-----------------
2024-03-02 23:58:13,264 - INFO - ---------------Starting fetching data to send by email Montly-----------------
2024-03-02 23:58:13,266 - INFO - ---------------PREPARATION FACTURE-----------------
2024-03-02 23:58:13,266 - INFO - ---------------num_days_in_month-----------------
2024-03-02 23:58:13,266 - INFO - 31
2024-03-02 23:58:13,266 - INFO - -------Today is not the last day-----------------
